--
create table t_default_value1(a int, i int default 11,
    b bool default 't', 
    bp char(17) default '  _X_  ',
    s text default '  _T_  ',
    n numeric(35, 15)) using pax with(storage_format=porc);
insert into t_default_value1
select 1,
case when i%2=0 or i%3=0 then i else null end case, -- i
case when i%3=0 then 't'::bool
     when i%3=1 then 'f'::bool
     else null
     end case, -- b
case when i%4=0 then ''
     when i%4=1 then '  abc  '
     else null
     end case, -- bp
case when i%3=0 then ' ksdf '
     when i%3=1 then ''
     else null
     end case, -- s
case when i%3=0 then null
     when i%3=1 then 3.141592653
     else 11.11
     end case -- n
from generate_series(1,40)i;
explain select *, '|' || bp || '|' from t_default_value1;
                                     QUERY PLAN                                     
------------------------------------------------------------------------------------
 Gather Motion 3:1  (slice1; segments: 3)  (cost=0.00..400.08 rows=19100 width=173)
   ->  Seq Scan on t_default_value1  (cost=0.00..145.42 rows=6367 width=173)
 Optimizer: Postgres query optimizer
(3 rows)

select *, '|' || bp || '|' from t_default_value1;
 a | i  | b |        bp         |   s    |         n          | ?column? 
---+----+---+-------------------+--------+--------------------+----------
 1 |    | f |   abc             |        |  3.141592653000000 | |  abc|
 1 |  2 |   |                   |        | 11.110000000000000 | 
 1 |  3 | t |                   |  ksdf  |                    | 
 1 |  4 | f |                   |        |  3.141592653000000 | ||
 1 |    |   |   abc             |        | 11.110000000000000 | |  abc|
 1 |  6 | t |                   |  ksdf  |                    | 
 1 |    | f |                   |        |  3.141592653000000 | 
 1 |  8 |   |                   |        | 11.110000000000000 | ||
 1 |  9 | t |   abc             |  ksdf  |                    | |  abc|
 1 | 10 | f |                   |        |  3.141592653000000 | 
 1 |    |   |                   |        | 11.110000000000000 | 
 1 | 12 | t |                   |  ksdf  |                    | ||
 1 |    | f |   abc             |        |  3.141592653000000 | |  abc|
 1 | 14 |   |                   |        | 11.110000000000000 | 
 1 | 15 | t |                   |  ksdf  |                    | 
 1 | 16 | f |                   |        |  3.141592653000000 | ||
 1 |    |   |   abc             |        | 11.110000000000000 | |  abc|
 1 | 18 | t |                   |  ksdf  |                    | 
 1 |    | f |                   |        |  3.141592653000000 | 
 1 | 20 |   |                   |        | 11.110000000000000 | ||
 1 | 21 | t |   abc             |  ksdf  |                    | |  abc|
 1 | 22 | f |                   |        |  3.141592653000000 | 
 1 |    |   |                   |        | 11.110000000000000 | 
 1 | 24 | t |                   |  ksdf  |                    | ||
 1 |    | f |   abc             |        |  3.141592653000000 | |  abc|
 1 | 26 |   |                   |        | 11.110000000000000 | 
 1 | 27 | t |                   |  ksdf  |                    | 
 1 | 28 | f |                   |        |  3.141592653000000 | ||
 1 |    |   |   abc             |        | 11.110000000000000 | |  abc|
 1 | 30 | t |                   |  ksdf  |                    | 
 1 |    | f |                   |        |  3.141592653000000 | 
 1 | 32 |   |                   |        | 11.110000000000000 | ||
 1 | 33 | t |   abc             |  ksdf  |                    | |  abc|
 1 | 34 | f |                   |        |  3.141592653000000 | 
 1 |    |   |                   |        | 11.110000000000000 | 
 1 | 36 | t |                   |  ksdf  |                    | ||
 1 |    | f |   abc             |        |  3.141592653000000 | |  abc|
 1 | 38 |   |                   |        | 11.110000000000000 | 
 1 | 39 | t |                   |  ksdf  |                    | 
 1 | 40 | f |                   |        |  3.141592653000000 | ||
(40 rows)

alter table t_default_value1 add b2 bool default 'f';
alter table t_default_value1 add bp2 char(16) default '  _PAD_  ';
alter table t_default_value1 add s2 text default '  _DEF_TEXT_  ';
alter table t_default_value1 add n2 numeric(22, 10) default 6.283185307179586;
explain select *, '|' || bp2 || '|' from t_default_value1;
                                     QUERY PLAN                                     
------------------------------------------------------------------------------------
 Gather Motion 3:1  (slice1; segments: 3)  (cost=0.00..246.75 rows=11100 width=296)
   ->  Seq Scan on t_default_value1  (cost=0.00..98.75 rows=3700 width=296)
 Optimizer: Postgres query optimizer
(3 rows)

select *, '|' || bp2 || '|' from t_default_value1;
 a | i  | b |        bp         |   s    |         n          | b2 |       bp2        |       s2       |      n2      | ?column?  
---+----+---+-------------------+--------+--------------------+----+------------------+----------------+--------------+-----------
 1 |    | f |   abc             |        |  3.141592653000000 | f  |   _PAD_          |   _DEF_TEXT_   | 6.2831853072 | |  _PAD_|
 1 |  2 |   |                   |        | 11.110000000000000 | f  |   _PAD_          |   _DEF_TEXT_   | 6.2831853072 | |  _PAD_|
 1 |  3 | t |                   |  ksdf  |                    | f  |   _PAD_          |   _DEF_TEXT_   | 6.2831853072 | |  _PAD_|
 1 |  4 | f |                   |        |  3.141592653000000 | f  |   _PAD_          |   _DEF_TEXT_   | 6.2831853072 | |  _PAD_|
 1 |    |   |   abc             |        | 11.110000000000000 | f  |   _PAD_          |   _DEF_TEXT_   | 6.2831853072 | |  _PAD_|
 1 |  6 | t |                   |  ksdf  |                    | f  |   _PAD_          |   _DEF_TEXT_   | 6.2831853072 | |  _PAD_|
 1 |    | f |                   |        |  3.141592653000000 | f  |   _PAD_          |   _DEF_TEXT_   | 6.2831853072 | |  _PAD_|
 1 |  8 |   |                   |        | 11.110000000000000 | f  |   _PAD_          |   _DEF_TEXT_   | 6.2831853072 | |  _PAD_|
 1 |  9 | t |   abc             |  ksdf  |                    | f  |   _PAD_          |   _DEF_TEXT_   | 6.2831853072 | |  _PAD_|
 1 | 10 | f |                   |        |  3.141592653000000 | f  |   _PAD_          |   _DEF_TEXT_   | 6.2831853072 | |  _PAD_|
 1 |    |   |                   |        | 11.110000000000000 | f  |   _PAD_          |   _DEF_TEXT_   | 6.2831853072 | |  _PAD_|
 1 | 12 | t |                   |  ksdf  |                    | f  |   _PAD_          |   _DEF_TEXT_   | 6.2831853072 | |  _PAD_|
 1 |    | f |   abc             |        |  3.141592653000000 | f  |   _PAD_          |   _DEF_TEXT_   | 6.2831853072 | |  _PAD_|
 1 | 14 |   |                   |        | 11.110000000000000 | f  |   _PAD_          |   _DEF_TEXT_   | 6.2831853072 | |  _PAD_|
 1 | 15 | t |                   |  ksdf  |                    | f  |   _PAD_          |   _DEF_TEXT_   | 6.2831853072 | |  _PAD_|
 1 | 16 | f |                   |        |  3.141592653000000 | f  |   _PAD_          |   _DEF_TEXT_   | 6.2831853072 | |  _PAD_|
 1 |    |   |   abc             |        | 11.110000000000000 | f  |   _PAD_          |   _DEF_TEXT_   | 6.2831853072 | |  _PAD_|
 1 | 18 | t |                   |  ksdf  |                    | f  |   _PAD_          |   _DEF_TEXT_   | 6.2831853072 | |  _PAD_|
 1 |    | f |                   |        |  3.141592653000000 | f  |   _PAD_          |   _DEF_TEXT_   | 6.2831853072 | |  _PAD_|
 1 | 20 |   |                   |        | 11.110000000000000 | f  |   _PAD_          |   _DEF_TEXT_   | 6.2831853072 | |  _PAD_|
 1 | 21 | t |   abc             |  ksdf  |                    | f  |   _PAD_          |   _DEF_TEXT_   | 6.2831853072 | |  _PAD_|
 1 | 22 | f |                   |        |  3.141592653000000 | f  |   _PAD_          |   _DEF_TEXT_   | 6.2831853072 | |  _PAD_|
 1 |    |   |                   |        | 11.110000000000000 | f  |   _PAD_          |   _DEF_TEXT_   | 6.2831853072 | |  _PAD_|
 1 | 24 | t |                   |  ksdf  |                    | f  |   _PAD_          |   _DEF_TEXT_   | 6.2831853072 | |  _PAD_|
 1 |    | f |   abc             |        |  3.141592653000000 | f  |   _PAD_          |   _DEF_TEXT_   | 6.2831853072 | |  _PAD_|
 1 | 26 |   |                   |        | 11.110000000000000 | f  |   _PAD_          |   _DEF_TEXT_   | 6.2831853072 | |  _PAD_|
 1 | 27 | t |                   |  ksdf  |                    | f  |   _PAD_          |   _DEF_TEXT_   | 6.2831853072 | |  _PAD_|
 1 | 28 | f |                   |        |  3.141592653000000 | f  |   _PAD_          |   _DEF_TEXT_   | 6.2831853072 | |  _PAD_|
 1 |    |   |   abc             |        | 11.110000000000000 | f  |   _PAD_          |   _DEF_TEXT_   | 6.2831853072 | |  _PAD_|
 1 | 30 | t |                   |  ksdf  |                    | f  |   _PAD_          |   _DEF_TEXT_   | 6.2831853072 | |  _PAD_|
 1 |    | f |                   |        |  3.141592653000000 | f  |   _PAD_          |   _DEF_TEXT_   | 6.2831853072 | |  _PAD_|
 1 | 32 |   |                   |        | 11.110000000000000 | f  |   _PAD_          |   _DEF_TEXT_   | 6.2831853072 | |  _PAD_|
 1 | 33 | t |   abc             |  ksdf  |                    | f  |   _PAD_          |   _DEF_TEXT_   | 6.2831853072 | |  _PAD_|
 1 | 34 | f |                   |        |  3.141592653000000 | f  |   _PAD_          |   _DEF_TEXT_   | 6.2831853072 | |  _PAD_|
 1 |    |   |                   |        | 11.110000000000000 | f  |   _PAD_          |   _DEF_TEXT_   | 6.2831853072 | |  _PAD_|
 1 | 36 | t |                   |  ksdf  |                    | f  |   _PAD_          |   _DEF_TEXT_   | 6.2831853072 | |  _PAD_|
 1 |    | f |   abc             |        |  3.141592653000000 | f  |   _PAD_          |   _DEF_TEXT_   | 6.2831853072 | |  _PAD_|
 1 | 38 |   |                   |        | 11.110000000000000 | f  |   _PAD_          |   _DEF_TEXT_   | 6.2831853072 | |  _PAD_|
 1 | 39 | t |                   |  ksdf  |                    | f  |   _PAD_          |   _DEF_TEXT_   | 6.2831853072 | |  _PAD_|
 1 | 40 | f |                   |        |  3.141592653000000 | f  |   _PAD_          |   _DEF_TEXT_   | 6.2831853072 | |  _PAD_|
(40 rows)

-- precision > 35 will fallback to pg executor
alter table t_default_value1 add n3 numeric(36, 10) default 1.234;
explain select *, '|' || bp2 || '|' from t_default_value1;
                                     QUERY PLAN                                     
------------------------------------------------------------------------------------
 Gather Motion 3:1  (slice1; segments: 3)  (cost=0.00..227.58 rows=10100 width=324)
   ->  Seq Scan on t_default_value1  (cost=0.00..92.92 rows=3367 width=324)
 Optimizer: Postgres query optimizer
(3 rows)

select *, '|' || bp2 || '|' from t_default_value1;
 a | i  | b |        bp         |   s    |         n          | b2 |       bp2        |       s2       |      n2      |      n3      | ?column?  
---+----+---+-------------------+--------+--------------------+----+------------------+----------------+--------------+--------------+-----------
 1 |    | f |   abc             |        |  3.141592653000000 | f  |   _PAD_          |   _DEF_TEXT_   | 6.2831853072 | 1.2340000000 | |  _PAD_|
 1 |  2 |   |                   |        | 11.110000000000000 | f  |   _PAD_          |   _DEF_TEXT_   | 6.2831853072 | 1.2340000000 | |  _PAD_|
 1 |  3 | t |                   |  ksdf  |                    | f  |   _PAD_          |   _DEF_TEXT_   | 6.2831853072 | 1.2340000000 | |  _PAD_|
 1 |  4 | f |                   |        |  3.141592653000000 | f  |   _PAD_          |   _DEF_TEXT_   | 6.2831853072 | 1.2340000000 | |  _PAD_|
 1 |    |   |   abc             |        | 11.110000000000000 | f  |   _PAD_          |   _DEF_TEXT_   | 6.2831853072 | 1.2340000000 | |  _PAD_|
 1 |  6 | t |                   |  ksdf  |                    | f  |   _PAD_          |   _DEF_TEXT_   | 6.2831853072 | 1.2340000000 | |  _PAD_|
 1 |    | f |                   |        |  3.141592653000000 | f  |   _PAD_          |   _DEF_TEXT_   | 6.2831853072 | 1.2340000000 | |  _PAD_|
 1 |  8 |   |                   |        | 11.110000000000000 | f  |   _PAD_          |   _DEF_TEXT_   | 6.2831853072 | 1.2340000000 | |  _PAD_|
 1 |  9 | t |   abc             |  ksdf  |                    | f  |   _PAD_          |   _DEF_TEXT_   | 6.2831853072 | 1.2340000000 | |  _PAD_|
 1 | 10 | f |                   |        |  3.141592653000000 | f  |   _PAD_          |   _DEF_TEXT_   | 6.2831853072 | 1.2340000000 | |  _PAD_|
 1 |    |   |                   |        | 11.110000000000000 | f  |   _PAD_          |   _DEF_TEXT_   | 6.2831853072 | 1.2340000000 | |  _PAD_|
 1 | 12 | t |                   |  ksdf  |                    | f  |   _PAD_          |   _DEF_TEXT_   | 6.2831853072 | 1.2340000000 | |  _PAD_|
 1 |    | f |   abc             |        |  3.141592653000000 | f  |   _PAD_          |   _DEF_TEXT_   | 6.2831853072 | 1.2340000000 | |  _PAD_|
 1 | 14 |   |                   |        | 11.110000000000000 | f  |   _PAD_          |   _DEF_TEXT_   | 6.2831853072 | 1.2340000000 | |  _PAD_|
 1 | 15 | t |                   |  ksdf  |                    | f  |   _PAD_          |   _DEF_TEXT_   | 6.2831853072 | 1.2340000000 | |  _PAD_|
 1 | 16 | f |                   |        |  3.141592653000000 | f  |   _PAD_          |   _DEF_TEXT_   | 6.2831853072 | 1.2340000000 | |  _PAD_|
 1 |    |   |   abc             |        | 11.110000000000000 | f  |   _PAD_          |   _DEF_TEXT_   | 6.2831853072 | 1.2340000000 | |  _PAD_|
 1 | 18 | t |                   |  ksdf  |                    | f  |   _PAD_          |   _DEF_TEXT_   | 6.2831853072 | 1.2340000000 | |  _PAD_|
 1 |    | f |                   |        |  3.141592653000000 | f  |   _PAD_          |   _DEF_TEXT_   | 6.2831853072 | 1.2340000000 | |  _PAD_|
 1 | 20 |   |                   |        | 11.110000000000000 | f  |   _PAD_          |   _DEF_TEXT_   | 6.2831853072 | 1.2340000000 | |  _PAD_|
 1 | 21 | t |   abc             |  ksdf  |                    | f  |   _PAD_          |   _DEF_TEXT_   | 6.2831853072 | 1.2340000000 | |  _PAD_|
 1 | 22 | f |                   |        |  3.141592653000000 | f  |   _PAD_          |   _DEF_TEXT_   | 6.2831853072 | 1.2340000000 | |  _PAD_|
 1 |    |   |                   |        | 11.110000000000000 | f  |   _PAD_          |   _DEF_TEXT_   | 6.2831853072 | 1.2340000000 | |  _PAD_|
 1 | 24 | t |                   |  ksdf  |                    | f  |   _PAD_          |   _DEF_TEXT_   | 6.2831853072 | 1.2340000000 | |  _PAD_|
 1 |    | f |   abc             |        |  3.141592653000000 | f  |   _PAD_          |   _DEF_TEXT_   | 6.2831853072 | 1.2340000000 | |  _PAD_|
 1 | 26 |   |                   |        | 11.110000000000000 | f  |   _PAD_          |   _DEF_TEXT_   | 6.2831853072 | 1.2340000000 | |  _PAD_|
 1 | 27 | t |                   |  ksdf  |                    | f  |   _PAD_          |   _DEF_TEXT_   | 6.2831853072 | 1.2340000000 | |  _PAD_|
 1 | 28 | f |                   |        |  3.141592653000000 | f  |   _PAD_          |   _DEF_TEXT_   | 6.2831853072 | 1.2340000000 | |  _PAD_|
 1 |    |   |   abc             |        | 11.110000000000000 | f  |   _PAD_          |   _DEF_TEXT_   | 6.2831853072 | 1.2340000000 | |  _PAD_|
 1 | 30 | t |                   |  ksdf  |                    | f  |   _PAD_          |   _DEF_TEXT_   | 6.2831853072 | 1.2340000000 | |  _PAD_|
 1 |    | f |                   |        |  3.141592653000000 | f  |   _PAD_          |   _DEF_TEXT_   | 6.2831853072 | 1.2340000000 | |  _PAD_|
 1 | 32 |   |                   |        | 11.110000000000000 | f  |   _PAD_          |   _DEF_TEXT_   | 6.2831853072 | 1.2340000000 | |  _PAD_|
 1 | 33 | t |   abc             |  ksdf  |                    | f  |   _PAD_          |   _DEF_TEXT_   | 6.2831853072 | 1.2340000000 | |  _PAD_|
 1 | 34 | f |                   |        |  3.141592653000000 | f  |   _PAD_          |   _DEF_TEXT_   | 6.2831853072 | 1.2340000000 | |  _PAD_|
 1 |    |   |                   |        | 11.110000000000000 | f  |   _PAD_          |   _DEF_TEXT_   | 6.2831853072 | 1.2340000000 | |  _PAD_|
 1 | 36 | t |                   |  ksdf  |                    | f  |   _PAD_          |   _DEF_TEXT_   | 6.2831853072 | 1.2340000000 | |  _PAD_|
 1 |    | f |   abc             |        |  3.141592653000000 | f  |   _PAD_          |   _DEF_TEXT_   | 6.2831853072 | 1.2340000000 | |  _PAD_|
 1 | 38 |   |                   |        | 11.110000000000000 | f  |   _PAD_          |   _DEF_TEXT_   | 6.2831853072 | 1.2340000000 | |  _PAD_|
 1 | 39 | t |                   |  ksdf  |                    | f  |   _PAD_          |   _DEF_TEXT_   | 6.2831853072 | 1.2340000000 | |  _PAD_|
 1 | 40 | f |                   |        |  3.141592653000000 | f  |   _PAD_          |   _DEF_TEXT_   | 6.2831853072 | 1.2340000000 | |  _PAD_|
(40 rows)

explain select *, '|' || bp2 || '|' from t_default_value1;
                                     QUERY PLAN                                     
------------------------------------------------------------------------------------
 Gather Motion 3:1  (slice1; segments: 3)  (cost=0.00..227.58 rows=10100 width=324)
   ->  Seq Scan on t_default_value1  (cost=0.00..92.92 rows=3367 width=324)
 Optimizer: Postgres query optimizer
(3 rows)

select *, '|' || bp2 || '|' from t_default_value1;
 a | i  | b |        bp         |   s    |         n          | b2 |       bp2        |       s2       |      n2      |      n3      | ?column?  
---+----+---+-------------------+--------+--------------------+----+------------------+----------------+--------------+--------------+-----------
 1 |    | f |   abc             |        |  3.141592653000000 | f  |   _PAD_          |   _DEF_TEXT_   | 6.2831853072 | 1.2340000000 | |  _PAD_|
 1 |  2 |   |                   |        | 11.110000000000000 | f  |   _PAD_          |   _DEF_TEXT_   | 6.2831853072 | 1.2340000000 | |  _PAD_|
 1 |  3 | t |                   |  ksdf  |                    | f  |   _PAD_          |   _DEF_TEXT_   | 6.2831853072 | 1.2340000000 | |  _PAD_|
 1 |  4 | f |                   |        |  3.141592653000000 | f  |   _PAD_          |   _DEF_TEXT_   | 6.2831853072 | 1.2340000000 | |  _PAD_|
 1 |    |   |   abc             |        | 11.110000000000000 | f  |   _PAD_          |   _DEF_TEXT_   | 6.2831853072 | 1.2340000000 | |  _PAD_|
 1 |  6 | t |                   |  ksdf  |                    | f  |   _PAD_          |   _DEF_TEXT_   | 6.2831853072 | 1.2340000000 | |  _PAD_|
 1 |    | f |                   |        |  3.141592653000000 | f  |   _PAD_          |   _DEF_TEXT_   | 6.2831853072 | 1.2340000000 | |  _PAD_|
 1 |  8 |   |                   |        | 11.110000000000000 | f  |   _PAD_          |   _DEF_TEXT_   | 6.2831853072 | 1.2340000000 | |  _PAD_|
 1 |  9 | t |   abc             |  ksdf  |                    | f  |   _PAD_          |   _DEF_TEXT_   | 6.2831853072 | 1.2340000000 | |  _PAD_|
 1 | 10 | f |                   |        |  3.141592653000000 | f  |   _PAD_          |   _DEF_TEXT_   | 6.2831853072 | 1.2340000000 | |  _PAD_|
 1 |    |   |                   |        | 11.110000000000000 | f  |   _PAD_          |   _DEF_TEXT_   | 6.2831853072 | 1.2340000000 | |  _PAD_|
 1 | 12 | t |                   |  ksdf  |                    | f  |   _PAD_          |   _DEF_TEXT_   | 6.2831853072 | 1.2340000000 | |  _PAD_|
 1 |    | f |   abc             |        |  3.141592653000000 | f  |   _PAD_          |   _DEF_TEXT_   | 6.2831853072 | 1.2340000000 | |  _PAD_|
 1 | 14 |   |                   |        | 11.110000000000000 | f  |   _PAD_          |   _DEF_TEXT_   | 6.2831853072 | 1.2340000000 | |  _PAD_|
 1 | 15 | t |                   |  ksdf  |                    | f  |   _PAD_          |   _DEF_TEXT_   | 6.2831853072 | 1.2340000000 | |  _PAD_|
 1 | 16 | f |                   |        |  3.141592653000000 | f  |   _PAD_          |   _DEF_TEXT_   | 6.2831853072 | 1.2340000000 | |  _PAD_|
 1 |    |   |   abc             |        | 11.110000000000000 | f  |   _PAD_          |   _DEF_TEXT_   | 6.2831853072 | 1.2340000000 | |  _PAD_|
 1 | 18 | t |                   |  ksdf  |                    | f  |   _PAD_          |   _DEF_TEXT_   | 6.2831853072 | 1.2340000000 | |  _PAD_|
 1 |    | f |                   |        |  3.141592653000000 | f  |   _PAD_          |   _DEF_TEXT_   | 6.2831853072 | 1.2340000000 | |  _PAD_|
 1 | 20 |   |                   |        | 11.110000000000000 | f  |   _PAD_          |   _DEF_TEXT_   | 6.2831853072 | 1.2340000000 | |  _PAD_|
 1 | 21 | t |   abc             |  ksdf  |                    | f  |   _PAD_          |   _DEF_TEXT_   | 6.2831853072 | 1.2340000000 | |  _PAD_|
 1 | 22 | f |                   |        |  3.141592653000000 | f  |   _PAD_          |   _DEF_TEXT_   | 6.2831853072 | 1.2340000000 | |  _PAD_|
 1 |    |   |                   |        | 11.110000000000000 | f  |   _PAD_          |   _DEF_TEXT_   | 6.2831853072 | 1.2340000000 | |  _PAD_|
 1 | 24 | t |                   |  ksdf  |                    | f  |   _PAD_          |   _DEF_TEXT_   | 6.2831853072 | 1.2340000000 | |  _PAD_|
 1 |    | f |   abc             |        |  3.141592653000000 | f  |   _PAD_          |   _DEF_TEXT_   | 6.2831853072 | 1.2340000000 | |  _PAD_|
 1 | 26 |   |                   |        | 11.110000000000000 | f  |   _PAD_          |   _DEF_TEXT_   | 6.2831853072 | 1.2340000000 | |  _PAD_|
 1 | 27 | t |                   |  ksdf  |                    | f  |   _PAD_          |   _DEF_TEXT_   | 6.2831853072 | 1.2340000000 | |  _PAD_|
 1 | 28 | f |                   |        |  3.141592653000000 | f  |   _PAD_          |   _DEF_TEXT_   | 6.2831853072 | 1.2340000000 | |  _PAD_|
 1 |    |   |   abc             |        | 11.110000000000000 | f  |   _PAD_          |   _DEF_TEXT_   | 6.2831853072 | 1.2340000000 | |  _PAD_|
 1 | 30 | t |                   |  ksdf  |                    | f  |   _PAD_          |   _DEF_TEXT_   | 6.2831853072 | 1.2340000000 | |  _PAD_|
 1 |    | f |                   |        |  3.141592653000000 | f  |   _PAD_          |   _DEF_TEXT_   | 6.2831853072 | 1.2340000000 | |  _PAD_|
 1 | 32 |   |                   |        | 11.110000000000000 | f  |   _PAD_          |   _DEF_TEXT_   | 6.2831853072 | 1.2340000000 | |  _PAD_|
 1 | 33 | t |   abc             |  ksdf  |                    | f  |   _PAD_          |   _DEF_TEXT_   | 6.2831853072 | 1.2340000000 | |  _PAD_|
 1 | 34 | f |                   |        |  3.141592653000000 | f  |   _PAD_          |   _DEF_TEXT_   | 6.2831853072 | 1.2340000000 | |  _PAD_|
 1 |    |   |                   |        | 11.110000000000000 | f  |   _PAD_          |   _DEF_TEXT_   | 6.2831853072 | 1.2340000000 | |  _PAD_|
 1 | 36 | t |                   |  ksdf  |                    | f  |   _PAD_          |   _DEF_TEXT_   | 6.2831853072 | 1.2340000000 | |  _PAD_|
 1 |    | f |   abc             |        |  3.141592653000000 | f  |   _PAD_          |   _DEF_TEXT_   | 6.2831853072 | 1.2340000000 | |  _PAD_|
 1 | 38 |   |                   |        | 11.110000000000000 | f  |   _PAD_          |   _DEF_TEXT_   | 6.2831853072 | 1.2340000000 | |  _PAD_|
 1 | 39 | t |                   |  ksdf  |                    | f  |   _PAD_          |   _DEF_TEXT_   | 6.2831853072 | 1.2340000000 | |  _PAD_|
 1 | 40 | f |                   |        |  3.141592653000000 | f  |   _PAD_          |   _DEF_TEXT_   | 6.2831853072 | 1.2340000000 | |  _PAD_|
(40 rows)

drop table t_default_value1;
-- tests for non-vec storage
create table t_default_value1(a int, i int default 11,
    b bool default 't', 
    bp char(17) default '  _X_  ',
    s text default '  _T_  ',
    n numeric(35, 15)) using pax with(storage_format=porc_vec);
insert into t_default_value1
select 1,
case when i%2=0 or i%3=0 then i else null end case, -- i
case when i%3=0 then 't'::bool
     when i%3=1 then 'f'::bool
     else null
     end case, -- b
case when i%4=0 then ''
     when i%4=1 then '  abc  '
     else null
     end case, -- bp
case when i%3=0 then ' ksdf '
     when i%3=1 then ''
     else null
     end case, -- s
case when i%3=0 then null
     when i%3=1 then 3.141592653
     else 11.11
     end case -- n
from generate_series(1,40)i;
explain select *, '|' || bp || '|' from t_default_value1;
                                     QUERY PLAN                                     
------------------------------------------------------------------------------------
 Gather Motion 3:1  (slice1; segments: 3)  (cost=0.00..400.08 rows=19100 width=173)
   ->  Seq Scan on t_default_value1  (cost=0.00..145.42 rows=6367 width=173)
 Optimizer: Postgres query optimizer
(3 rows)

select *, '|' || bp || '|' from t_default_value1;
 a | i  | b |        bp         |   s    |         n          | ?column? 
---+----+---+-------------------+--------+--------------------+----------
 1 |    | f |   abc             |        |  3.141592653000000 | |  abc|
 1 |  2 |   |                   |        | 11.110000000000000 | 
 1 |  3 | t |                   |  ksdf  |                    | 
 1 |  4 | f |                   |        |  3.141592653000000 | ||
 1 |    |   |   abc             |        | 11.110000000000000 | |  abc|
 1 |  6 | t |                   |  ksdf  |                    | 
 1 |    | f |                   |        |  3.141592653000000 | 
 1 |  8 |   |                   |        | 11.110000000000000 | ||
 1 |  9 | t |   abc             |  ksdf  |                    | |  abc|
 1 | 10 | f |                   |        |  3.141592653000000 | 
 1 |    |   |                   |        | 11.110000000000000 | 
 1 | 12 | t |                   |  ksdf  |                    | ||
 1 |    | f |   abc             |        |  3.141592653000000 | |  abc|
 1 | 14 |   |                   |        | 11.110000000000000 | 
 1 | 15 | t |                   |  ksdf  |                    | 
 1 | 16 | f |                   |        |  3.141592653000000 | ||
 1 |    |   |   abc             |        | 11.110000000000000 | |  abc|
 1 | 18 | t |                   |  ksdf  |                    | 
 1 |    | f |                   |        |  3.141592653000000 | 
 1 | 20 |   |                   |        | 11.110000000000000 | ||
 1 | 21 | t |   abc             |  ksdf  |                    | |  abc|
 1 | 22 | f |                   |        |  3.141592653000000 | 
 1 |    |   |                   |        | 11.110000000000000 | 
 1 | 24 | t |                   |  ksdf  |                    | ||
 1 |    | f |   abc             |        |  3.141592653000000 | |  abc|
 1 | 26 |   |                   |        | 11.110000000000000 | 
 1 | 27 | t |                   |  ksdf  |                    | 
 1 | 28 | f |                   |        |  3.141592653000000 | ||
 1 |    |   |   abc             |        | 11.110000000000000 | |  abc|
 1 | 30 | t |                   |  ksdf  |                    | 
 1 |    | f |                   |        |  3.141592653000000 | 
 1 | 32 |   |                   |        | 11.110000000000000 | ||
 1 | 33 | t |   abc             |  ksdf  |                    | |  abc|
 1 | 34 | f |                   |        |  3.141592653000000 | 
 1 |    |   |                   |        | 11.110000000000000 | 
 1 | 36 | t |                   |  ksdf  |                    | ||
 1 |    | f |   abc             |        |  3.141592653000000 | |  abc|
 1 | 38 |   |                   |        | 11.110000000000000 | 
 1 | 39 | t |                   |  ksdf  |                    | 
 1 | 40 | f |                   |        |  3.141592653000000 | ||
(40 rows)

alter table t_default_value1 add b2 bool default 'f';
alter table t_default_value1 add bp2 char(16) default '  _PAD_  ';
alter table t_default_value1 add s2 text default '  _DEF_TEXT_  ';
alter table t_default_value1 add n2 numeric(22, 10) default 6.283185307179586;
explain select *, '|' || bp2 || '|' from t_default_value1;
                                     QUERY PLAN                                     
------------------------------------------------------------------------------------
 Gather Motion 3:1  (slice1; segments: 3)  (cost=0.00..246.75 rows=11100 width=296)
   ->  Seq Scan on t_default_value1  (cost=0.00..98.75 rows=3700 width=296)
 Optimizer: Postgres query optimizer
(3 rows)

select *, '|' || bp2 || '|' from t_default_value1;
 a | i  | b |        bp         |   s    |         n          | b2 |       bp2        |       s2       |      n2      | ?column?  
---+----+---+-------------------+--------+--------------------+----+------------------+----------------+--------------+-----------
 1 |    | f |   abc             |        |  3.141592653000000 | f  |   _PAD_          |   _DEF_TEXT_   | 6.2831853072 | |  _PAD_|
 1 |  2 |   |                   |        | 11.110000000000000 | f  |   _PAD_          |   _DEF_TEXT_   | 6.2831853072 | |  _PAD_|
 1 |  3 | t |                   |  ksdf  |                    | f  |   _PAD_          |   _DEF_TEXT_   | 6.2831853072 | |  _PAD_|
 1 |  4 | f |                   |        |  3.141592653000000 | f  |   _PAD_          |   _DEF_TEXT_   | 6.2831853072 | |  _PAD_|
 1 |    |   |   abc             |        | 11.110000000000000 | f  |   _PAD_          |   _DEF_TEXT_   | 6.2831853072 | |  _PAD_|
 1 |  6 | t |                   |  ksdf  |                    | f  |   _PAD_          |   _DEF_TEXT_   | 6.2831853072 | |  _PAD_|
 1 |    | f |                   |        |  3.141592653000000 | f  |   _PAD_          |   _DEF_TEXT_   | 6.2831853072 | |  _PAD_|
 1 |  8 |   |                   |        | 11.110000000000000 | f  |   _PAD_          |   _DEF_TEXT_   | 6.2831853072 | |  _PAD_|
 1 |  9 | t |   abc             |  ksdf  |                    | f  |   _PAD_          |   _DEF_TEXT_   | 6.2831853072 | |  _PAD_|
 1 | 10 | f |                   |        |  3.141592653000000 | f  |   _PAD_          |   _DEF_TEXT_   | 6.2831853072 | |  _PAD_|
 1 |    |   |                   |        | 11.110000000000000 | f  |   _PAD_          |   _DEF_TEXT_   | 6.2831853072 | |  _PAD_|
 1 | 12 | t |                   |  ksdf  |                    | f  |   _PAD_          |   _DEF_TEXT_   | 6.2831853072 | |  _PAD_|
 1 |    | f |   abc             |        |  3.141592653000000 | f  |   _PAD_          |   _DEF_TEXT_   | 6.2831853072 | |  _PAD_|
 1 | 14 |   |                   |        | 11.110000000000000 | f  |   _PAD_          |   _DEF_TEXT_   | 6.2831853072 | |  _PAD_|
 1 | 15 | t |                   |  ksdf  |                    | f  |   _PAD_          |   _DEF_TEXT_   | 6.2831853072 | |  _PAD_|
 1 | 16 | f |                   |        |  3.141592653000000 | f  |   _PAD_          |   _DEF_TEXT_   | 6.2831853072 | |  _PAD_|
 1 |    |   |   abc             |        | 11.110000000000000 | f  |   _PAD_          |   _DEF_TEXT_   | 6.2831853072 | |  _PAD_|
 1 | 18 | t |                   |  ksdf  |                    | f  |   _PAD_          |   _DEF_TEXT_   | 6.2831853072 | |  _PAD_|
 1 |    | f |                   |        |  3.141592653000000 | f  |   _PAD_          |   _DEF_TEXT_   | 6.2831853072 | |  _PAD_|
 1 | 20 |   |                   |        | 11.110000000000000 | f  |   _PAD_          |   _DEF_TEXT_   | 6.2831853072 | |  _PAD_|
 1 | 21 | t |   abc             |  ksdf  |                    | f  |   _PAD_          |   _DEF_TEXT_   | 6.2831853072 | |  _PAD_|
 1 | 22 | f |                   |        |  3.141592653000000 | f  |   _PAD_          |   _DEF_TEXT_   | 6.2831853072 | |  _PAD_|
 1 |    |   |                   |        | 11.110000000000000 | f  |   _PAD_          |   _DEF_TEXT_   | 6.2831853072 | |  _PAD_|
 1 | 24 | t |                   |  ksdf  |                    | f  |   _PAD_          |   _DEF_TEXT_   | 6.2831853072 | |  _PAD_|
 1 |    | f |   abc             |        |  3.141592653000000 | f  |   _PAD_          |   _DEF_TEXT_   | 6.2831853072 | |  _PAD_|
 1 | 26 |   |                   |        | 11.110000000000000 | f  |   _PAD_          |   _DEF_TEXT_   | 6.2831853072 | |  _PAD_|
 1 | 27 | t |                   |  ksdf  |                    | f  |   _PAD_          |   _DEF_TEXT_   | 6.2831853072 | |  _PAD_|
 1 | 28 | f |                   |        |  3.141592653000000 | f  |   _PAD_          |   _DEF_TEXT_   | 6.2831853072 | |  _PAD_|
 1 |    |   |   abc             |        | 11.110000000000000 | f  |   _PAD_          |   _DEF_TEXT_   | 6.2831853072 | |  _PAD_|
 1 | 30 | t |                   |  ksdf  |                    | f  |   _PAD_          |   _DEF_TEXT_   | 6.2831853072 | |  _PAD_|
 1 |    | f |                   |        |  3.141592653000000 | f  |   _PAD_          |   _DEF_TEXT_   | 6.2831853072 | |  _PAD_|
 1 | 32 |   |                   |        | 11.110000000000000 | f  |   _PAD_          |   _DEF_TEXT_   | 6.2831853072 | |  _PAD_|
 1 | 33 | t |   abc             |  ksdf  |                    | f  |   _PAD_          |   _DEF_TEXT_   | 6.2831853072 | |  _PAD_|
 1 | 34 | f |                   |        |  3.141592653000000 | f  |   _PAD_          |   _DEF_TEXT_   | 6.2831853072 | |  _PAD_|
 1 |    |   |                   |        | 11.110000000000000 | f  |   _PAD_          |   _DEF_TEXT_   | 6.2831853072 | |  _PAD_|
 1 | 36 | t |                   |  ksdf  |                    | f  |   _PAD_          |   _DEF_TEXT_   | 6.2831853072 | |  _PAD_|
 1 |    | f |   abc             |        |  3.141592653000000 | f  |   _PAD_          |   _DEF_TEXT_   | 6.2831853072 | |  _PAD_|
 1 | 38 |   |                   |        | 11.110000000000000 | f  |   _PAD_          |   _DEF_TEXT_   | 6.2831853072 | |  _PAD_|
 1 | 39 | t |                   |  ksdf  |                    | f  |   _PAD_          |   _DEF_TEXT_   | 6.2831853072 | |  _PAD_|
 1 | 40 | f |                   |        |  3.141592653000000 | f  |   _PAD_          |   _DEF_TEXT_   | 6.2831853072 | |  _PAD_|
(40 rows)

-- fail: porc_vec disallow to use numeric with precision > 35
alter table t_default_value1 add n3 numeric(36, 10) default 1.234;
ERROR:  column 'n3' precision(36) out of range, precision should be (0, 35]
explain select *, '|' || bp2 || '|' from t_default_value1;
                                     QUERY PLAN                                     
------------------------------------------------------------------------------------
 Gather Motion 3:1  (slice1; segments: 3)  (cost=0.00..246.75 rows=11100 width=296)
   ->  Seq Scan on t_default_value1  (cost=0.00..98.75 rows=3700 width=296)
 Optimizer: Postgres query optimizer
(3 rows)

select *, '|' || bp2 || '|' from t_default_value1;
 a | i  | b |        bp         |   s    |         n          | b2 |       bp2        |       s2       |      n2      | ?column?  
---+----+---+-------------------+--------+--------------------+----+------------------+----------------+--------------+-----------
 1 |    | f |   abc             |        |  3.141592653000000 | f  |   _PAD_          |   _DEF_TEXT_   | 6.2831853072 | |  _PAD_|
 1 |  2 |   |                   |        | 11.110000000000000 | f  |   _PAD_          |   _DEF_TEXT_   | 6.2831853072 | |  _PAD_|
 1 |  3 | t |                   |  ksdf  |                    | f  |   _PAD_          |   _DEF_TEXT_   | 6.2831853072 | |  _PAD_|
 1 |  4 | f |                   |        |  3.141592653000000 | f  |   _PAD_          |   _DEF_TEXT_   | 6.2831853072 | |  _PAD_|
 1 |    |   |   abc             |        | 11.110000000000000 | f  |   _PAD_          |   _DEF_TEXT_   | 6.2831853072 | |  _PAD_|
 1 |  6 | t |                   |  ksdf  |                    | f  |   _PAD_          |   _DEF_TEXT_   | 6.2831853072 | |  _PAD_|
 1 |    | f |                   |        |  3.141592653000000 | f  |   _PAD_          |   _DEF_TEXT_   | 6.2831853072 | |  _PAD_|
 1 |  8 |   |                   |        | 11.110000000000000 | f  |   _PAD_          |   _DEF_TEXT_   | 6.2831853072 | |  _PAD_|
 1 |  9 | t |   abc             |  ksdf  |                    | f  |   _PAD_          |   _DEF_TEXT_   | 6.2831853072 | |  _PAD_|
 1 | 10 | f |                   |        |  3.141592653000000 | f  |   _PAD_          |   _DEF_TEXT_   | 6.2831853072 | |  _PAD_|
 1 |    |   |                   |        | 11.110000000000000 | f  |   _PAD_          |   _DEF_TEXT_   | 6.2831853072 | |  _PAD_|
 1 | 12 | t |                   |  ksdf  |                    | f  |   _PAD_          |   _DEF_TEXT_   | 6.2831853072 | |  _PAD_|
 1 |    | f |   abc             |        |  3.141592653000000 | f  |   _PAD_          |   _DEF_TEXT_   | 6.2831853072 | |  _PAD_|
 1 | 14 |   |                   |        | 11.110000000000000 | f  |   _PAD_          |   _DEF_TEXT_   | 6.2831853072 | |  _PAD_|
 1 | 15 | t |                   |  ksdf  |                    | f  |   _PAD_          |   _DEF_TEXT_   | 6.2831853072 | |  _PAD_|
 1 | 16 | f |                   |        |  3.141592653000000 | f  |   _PAD_          |   _DEF_TEXT_   | 6.2831853072 | |  _PAD_|
 1 |    |   |   abc             |        | 11.110000000000000 | f  |   _PAD_          |   _DEF_TEXT_   | 6.2831853072 | |  _PAD_|
 1 | 18 | t |                   |  ksdf  |                    | f  |   _PAD_          |   _DEF_TEXT_   | 6.2831853072 | |  _PAD_|
 1 |    | f |                   |        |  3.141592653000000 | f  |   _PAD_          |   _DEF_TEXT_   | 6.2831853072 | |  _PAD_|
 1 | 20 |   |                   |        | 11.110000000000000 | f  |   _PAD_          |   _DEF_TEXT_   | 6.2831853072 | |  _PAD_|
 1 | 21 | t |   abc             |  ksdf  |                    | f  |   _PAD_          |   _DEF_TEXT_   | 6.2831853072 | |  _PAD_|
 1 | 22 | f |                   |        |  3.141592653000000 | f  |   _PAD_          |   _DEF_TEXT_   | 6.2831853072 | |  _PAD_|
 1 |    |   |                   |        | 11.110000000000000 | f  |   _PAD_          |   _DEF_TEXT_   | 6.2831853072 | |  _PAD_|
 1 | 24 | t |                   |  ksdf  |                    | f  |   _PAD_          |   _DEF_TEXT_   | 6.2831853072 | |  _PAD_|
 1 |    | f |   abc             |        |  3.141592653000000 | f  |   _PAD_          |   _DEF_TEXT_   | 6.2831853072 | |  _PAD_|
 1 | 26 |   |                   |        | 11.110000000000000 | f  |   _PAD_          |   _DEF_TEXT_   | 6.2831853072 | |  _PAD_|
 1 | 27 | t |                   |  ksdf  |                    | f  |   _PAD_          |   _DEF_TEXT_   | 6.2831853072 | |  _PAD_|
 1 | 28 | f |                   |        |  3.141592653000000 | f  |   _PAD_          |   _DEF_TEXT_   | 6.2831853072 | |  _PAD_|
 1 |    |   |   abc             |        | 11.110000000000000 | f  |   _PAD_          |   _DEF_TEXT_   | 6.2831853072 | |  _PAD_|
 1 | 30 | t |                   |  ksdf  |                    | f  |   _PAD_          |   _DEF_TEXT_   | 6.2831853072 | |  _PAD_|
 1 |    | f |                   |        |  3.141592653000000 | f  |   _PAD_          |   _DEF_TEXT_   | 6.2831853072 | |  _PAD_|
 1 | 32 |   |                   |        | 11.110000000000000 | f  |   _PAD_          |   _DEF_TEXT_   | 6.2831853072 | |  _PAD_|
 1 | 33 | t |   abc             |  ksdf  |                    | f  |   _PAD_          |   _DEF_TEXT_   | 6.2831853072 | |  _PAD_|
 1 | 34 | f |                   |        |  3.141592653000000 | f  |   _PAD_          |   _DEF_TEXT_   | 6.2831853072 | |  _PAD_|
 1 |    |   |                   |        | 11.110000000000000 | f  |   _PAD_          |   _DEF_TEXT_   | 6.2831853072 | |  _PAD_|
 1 | 36 | t |                   |  ksdf  |                    | f  |   _PAD_          |   _DEF_TEXT_   | 6.2831853072 | |  _PAD_|
 1 |    | f |   abc             |        |  3.141592653000000 | f  |   _PAD_          |   _DEF_TEXT_   | 6.2831853072 | |  _PAD_|
 1 | 38 |   |                   |        | 11.110000000000000 | f  |   _PAD_          |   _DEF_TEXT_   | 6.2831853072 | |  _PAD_|
 1 | 39 | t |                   |  ksdf  |                    | f  |   _PAD_          |   _DEF_TEXT_   | 6.2831853072 | |  _PAD_|
 1 | 40 | f |                   |        |  3.141592653000000 | f  |   _PAD_          |   _DEF_TEXT_   | 6.2831853072 | |  _PAD_|
(40 rows)

drop table t_default_value1;
