create table t_dict1(a int, b text) using pax with(storage_format=porc,compresstype=dict);
insert into t_dict1 select 1, repeat('1b', 12345678) from generate_series(1,20)i;
explain select count(*) from t_dict1;
ERROR:  unknown compresstype "dict"
select count(*) from t_dict1;
ERROR:  unknown compresstype "dict"
explain select count(b) from t_dict1;
ERROR:  unknown compresstype "dict"
select count(b) from t_dict1;
ERROR:  unknown compresstype "dict"
drop table t_dict1;
create table t_dict1(a int, b text) using pax with(storage_format=porc_vec,compresstype=dict);
insert into t_dict1 select 1, repeat('1b', 12345678) from generate_series(1,20)i;
explain select count(*) from t_dict1;
ERROR:  unknown compresstype "dict"
select count(*) from t_dict1;
ERROR:  unknown compresstype "dict"
explain select count(b) from t_dict1;
ERROR:  unknown compresstype "dict"
select count(b) from t_dict1;
ERROR:  unknown compresstype "dict"
drop table t_dict1;
