-- start_matchignore
-- m/LOG:  statement:/
-- m/no filter/
-- m/scan key build success/
-- end_matchignore
set default_table_access_method to pax;
set pax_enable_debug to on;
set pax_enable_filter to on;
set pax_max_tuples_per_group to 5;
-- 
-- Test the float4 min/max types support 
-- 
create table t_float4(i int, v float4) with(minmax_columns='v');
NOTICE:  Table doesn't have 'DISTRIBUTED BY' clause -- Using column named 'i' as the Cloudberry Database data distribution key for this table.
HINT:  The 'DISTRIBUTED BY' clause determines the distribution of data. Make sure column(s) chosen are the optimal data distribution key to minimize skew.
insert into t_float4(i, v) values(1, generate_series(1, 10));
insert into t_float4(i, v) values(1, generate_series(11, 20));
set client_min_messages to log;
select count(*) from t_float4 where v > 0::float4;
LOG:  kind file, filter rate: 0 / 2  (seg1 slice1 10.13.9.100:7003 pid=29736)
 count 
-------
    20
(1 row)

select count(*) from t_float4 where v > 5::float4;
LOG:  kind file, filter rate: 0 / 2  (seg1 slice1 10.13.9.100:7003 pid=29736)
 count 
-------
    15
(1 row)

select count(*) from t_float4 where v > 10::float4;
LOG:  kind file, filter rate: 1 / 2  (seg1 slice1 10.13.9.100:7003 pid=29736)
 count 
-------
    10
(1 row)

select count(*) from t_float4 where v > 15::float4;
LOG:  kind file, filter rate: 1 / 2  (seg1 slice1 10.13.9.100:7003 pid=29736)
 count 
-------
     5
(1 row)

select count(*) from t_float4 where v > 20::float4;
LOG:  kind file, filter rate: 2 / 2  (seg1 slice1 10.13.9.100:7003 pid=29736)
 count 
-------
     0
(1 row)

select count(*) from t_float4 where v < 0::float4;
LOG:  kind file, filter rate: 2 / 2  (seg1 slice1 10.13.9.100:7003 pid=29736)
 count 
-------
     0
(1 row)

select count(*) from t_float4 where v < 6::float4;
LOG:  kind file, filter rate: 1 / 2  (seg1 slice1 10.13.9.100:7003 pid=29736)
 count 
-------
     5
(1 row)

select count(*) from t_float4 where v < 11::float4;
LOG:  kind file, filter rate: 1 / 2  (seg1 slice1 10.13.9.100:7003 pid=29736)
 count 
-------
    10
(1 row)

select count(*) from t_float4 where v < 16::float4;
LOG:  kind file, filter rate: 0 / 2  (seg1 slice1 10.13.9.100:7003 pid=29736)
 count 
-------
    15
(1 row)

select count(*) from t_float4 where v < 21::float4;
LOG:  kind file, filter rate: 0 / 2  (seg1 slice1 10.13.9.100:7003 pid=29736)
 count 
-------
    20
(1 row)

select count(*) from t_float4 where v = -1::float4;
LOG:  kind file, filter rate: 2 / 2  (seg1 slice1 10.13.9.100:7003 pid=29736)
 count 
-------
     0
(1 row)

select count(*) from t_float4 where v = 5::float4;
LOG:  kind file, filter rate: 1 / 2  (seg1 slice1 10.13.9.100:7003 pid=29736)
 count 
-------
     1
(1 row)

select count(*) from t_float4 where v = 10::float4;
LOG:  kind file, filter rate: 1 / 2  (seg1 slice1 10.13.9.100:7003 pid=29736)
 count 
-------
     1
(1 row)

select count(*) from t_float4 where v = 11::float4;
LOG:  kind file, filter rate: 1 / 2  (seg1 slice1 10.13.9.100:7003 pid=29736)
 count 
-------
     1
(1 row)

select count(*) from t_float4 where v = 20::float4;
LOG:  kind file, filter rate: 1 / 2  (seg1 slice1 10.13.9.100:7003 pid=29736)
 count 
-------
     1
(1 row)

select count(*) from t_float4 where v = 21::float4;
LOG:  kind file, filter rate: 2 / 2  (seg1 slice1 10.13.9.100:7003 pid=29736)
 count 
-------
     0
(1 row)

select count(*) from t_float4 where v >= 0::float4;
LOG:  kind file, filter rate: 0 / 2  (seg1 slice1 10.13.9.100:7003 pid=29736)
 count 
-------
    20
(1 row)

select count(*) from t_float4 where v >= 6::float4;
LOG:  kind file, filter rate: 0 / 2  (seg1 slice1 10.13.9.100:7003 pid=29736)
 count 
-------
    15
(1 row)

select count(*) from t_float4 where v >= 11::float4;
LOG:  kind file, filter rate: 1 / 2  (seg1 slice1 10.13.9.100:7003 pid=29736)
 count 
-------
    10
(1 row)

select count(*) from t_float4 where v >= 16::float4;
LOG:  kind file, filter rate: 1 / 2  (seg1 slice1 10.13.9.100:7003 pid=29736)
 count 
-------
     5
(1 row)

select count(*) from t_float4 where v >= 21::float4;
LOG:  kind file, filter rate: 2 / 2  (seg1 slice1 10.13.9.100:7003 pid=29736)
 count 
-------
     0
(1 row)

select count(*) from t_float4 where v <= -1::float4;
LOG:  kind file, filter rate: 2 / 2  (seg1 slice1 10.13.9.100:7003 pid=29736)
 count 
-------
     0
(1 row)

select count(*) from t_float4 where v <= 5::float4;
LOG:  kind file, filter rate: 1 / 2  (seg1 slice1 10.13.9.100:7003 pid=29736)
 count 
-------
     5
(1 row)

select count(*) from t_float4 where v <= 10::float4;
LOG:  kind file, filter rate: 1 / 2  (seg1 slice1 10.13.9.100:7003 pid=29736)
 count 
-------
    10
(1 row)

select count(*) from t_float4 where v <= 15::float4;
LOG:  kind file, filter rate: 0 / 2  (seg1 slice1 10.13.9.100:7003 pid=29736)
 count 
-------
    15
(1 row)

select count(*) from t_float4 where v <= 20::float4;
LOG:  kind file, filter rate: 0 / 2  (seg1 slice1 10.13.9.100:7003 pid=29736)
 count 
-------
    20
(1 row)

-- oper(float4, float8)
select count(*) from t_float4 where v > 0::float8;
LOG:  kind file, filter rate: 0 / 2  (seg1 slice1 10.13.9.100:7003 pid=29736)
 count 
-------
    20
(1 row)

select count(*) from t_float4 where v > 5::float8;
LOG:  kind file, filter rate: 0 / 2  (seg1 slice1 10.13.9.100:7003 pid=29736)
 count 
-------
    15
(1 row)

select count(*) from t_float4 where v > 10::float8;
LOG:  kind file, filter rate: 1 / 2  (seg1 slice1 10.13.9.100:7003 pid=29736)
 count 
-------
    10
(1 row)

select count(*) from t_float4 where v > 15::float8;
LOG:  kind file, filter rate: 1 / 2  (seg1 slice1 10.13.9.100:7003 pid=29736)
 count 
-------
     5
(1 row)

select count(*) from t_float4 where v > 20::float8;
LOG:  kind file, filter rate: 2 / 2  (seg1 slice1 10.13.9.100:7003 pid=29736)
 count 
-------
     0
(1 row)

select count(*) from t_float4 where v < 0::float8;
LOG:  kind file, filter rate: 2 / 2  (seg1 slice1 10.13.9.100:7003 pid=29736)
 count 
-------
     0
(1 row)

select count(*) from t_float4 where v < 6::float8;
LOG:  kind file, filter rate: 1 / 2  (seg1 slice1 10.13.9.100:7003 pid=29736)
 count 
-------
     5
(1 row)

select count(*) from t_float4 where v < 11::float8;
LOG:  kind file, filter rate: 1 / 2  (seg1 slice1 10.13.9.100:7003 pid=29736)
 count 
-------
    10
(1 row)

select count(*) from t_float4 where v < 16::float8;
LOG:  kind file, filter rate: 0 / 2  (seg1 slice1 10.13.9.100:7003 pid=29736)
 count 
-------
    15
(1 row)

select count(*) from t_float4 where v < 21::float8;
LOG:  kind file, filter rate: 0 / 2  (seg1 slice1 10.13.9.100:7003 pid=29736)
 count 
-------
    20
(1 row)

select count(*) from t_float4 where v = -1::float8;
LOG:  kind file, filter rate: 2 / 2  (seg1 slice1 10.13.9.100:7003 pid=29736)
 count 
-------
     0
(1 row)

select count(*) from t_float4 where v = 5::float8;
LOG:  kind file, filter rate: 1 / 2  (seg1 slice1 10.13.9.100:7003 pid=29736)
 count 
-------
     1
(1 row)

select count(*) from t_float4 where v = 10::float8;
LOG:  kind file, filter rate: 1 / 2  (seg1 slice1 10.13.9.100:7003 pid=29736)
 count 
-------
     1
(1 row)

select count(*) from t_float4 where v = 11::float8;
LOG:  kind file, filter rate: 1 / 2  (seg1 slice1 10.13.9.100:7003 pid=29736)
 count 
-------
     1
(1 row)

select count(*) from t_float4 where v = 20::float8;
LOG:  kind file, filter rate: 1 / 2  (seg1 slice1 10.13.9.100:7003 pid=29736)
 count 
-------
     1
(1 row)

select count(*) from t_float4 where v = 21::float8;
LOG:  kind file, filter rate: 2 / 2  (seg1 slice1 10.13.9.100:7003 pid=29736)
 count 
-------
     0
(1 row)

select count(*) from t_float4 where v >= 0::float8;
LOG:  kind file, filter rate: 0 / 2  (seg1 slice1 10.13.9.100:7003 pid=29736)
 count 
-------
    20
(1 row)

select count(*) from t_float4 where v >= 6::float8;
LOG:  kind file, filter rate: 0 / 2  (seg1 slice1 10.13.9.100:7003 pid=29736)
 count 
-------
    15
(1 row)

select count(*) from t_float4 where v >= 11::float8;
LOG:  kind file, filter rate: 1 / 2  (seg1 slice1 10.13.9.100:7003 pid=29736)
 count 
-------
    10
(1 row)

select count(*) from t_float4 where v >= 16::float8;
LOG:  kind file, filter rate: 1 / 2  (seg1 slice1 10.13.9.100:7003 pid=29736)
 count 
-------
     5
(1 row)

select count(*) from t_float4 where v >= 21::float8;
LOG:  kind file, filter rate: 2 / 2  (seg1 slice1 10.13.9.100:7003 pid=29736)
 count 
-------
     0
(1 row)

select count(*) from t_float4 where v <= -1::float8;
LOG:  kind file, filter rate: 2 / 2  (seg1 slice1 10.13.9.100:7003 pid=29736)
 count 
-------
     0
(1 row)

select count(*) from t_float4 where v <= 5::float8;
LOG:  kind file, filter rate: 1 / 2  (seg1 slice1 10.13.9.100:7003 pid=29736)
 count 
-------
     5
(1 row)

select count(*) from t_float4 where v <= 10::float8;
LOG:  kind file, filter rate: 1 / 2  (seg1 slice1 10.13.9.100:7003 pid=29736)
 count 
-------
    10
(1 row)

select count(*) from t_float4 where v <= 15::float8;
LOG:  kind file, filter rate: 0 / 2  (seg1 slice1 10.13.9.100:7003 pid=29736)
 count 
-------
    15
(1 row)

select count(*) from t_float4 where v <= 20::float8;
LOG:  kind file, filter rate: 0 / 2  (seg1 slice1 10.13.9.100:7003 pid=29736)
 count 
-------
    20
(1 row)

reset client_min_messages;
LOG:  statement: reset client_min_messages;
drop table t_float4;
-- 
-- Test the float8 min/max types support 
-- 
create table t_float8(i int, v float8) with(minmax_columns='v');
NOTICE:  Table doesn't have 'DISTRIBUTED BY' clause -- Using column named 'i' as the Cloudberry Database data distribution key for this table.
HINT:  The 'DISTRIBUTED BY' clause determines the distribution of data. Make sure column(s) chosen are the optimal data distribution key to minimize skew.
insert into t_float8(i, v) values(1, generate_series(1, 10));
insert into t_float8(i, v) values(1, generate_series(11, 20));
set client_min_messages to log;
select count(*) from t_float8 where v > 0::float8;
LOG:  kind file, filter rate: 0 / 2  (seg1 slice1 10.13.9.100:7003 pid=29736)
 count 
-------
    20
(1 row)

select count(*) from t_float8 where v > 5::float8;
LOG:  kind file, filter rate: 0 / 2  (seg1 slice1 10.13.9.100:7003 pid=29736)
 count 
-------
    15
(1 row)

select count(*) from t_float8 where v > 10::float8;
LOG:  kind file, filter rate: 1 / 2  (seg1 slice1 10.13.9.100:7003 pid=29736)
 count 
-------
    10
(1 row)

select count(*) from t_float8 where v > 15::float8;
LOG:  kind file, filter rate: 1 / 2  (seg1 slice1 10.13.9.100:7003 pid=29736)
 count 
-------
     5
(1 row)

select count(*) from t_float8 where v > 20::float8;
LOG:  kind file, filter rate: 2 / 2  (seg1 slice1 10.13.9.100:7003 pid=29736)
 count 
-------
     0
(1 row)

select count(*) from t_float8 where v < 0::float8;
LOG:  kind file, filter rate: 2 / 2  (seg1 slice1 10.13.9.100:7003 pid=29736)
 count 
-------
     0
(1 row)

select count(*) from t_float8 where v < 6::float8;
LOG:  kind file, filter rate: 1 / 2  (seg1 slice1 10.13.9.100:7003 pid=29736)
 count 
-------
     5
(1 row)

select count(*) from t_float8 where v < 11::float8;
LOG:  kind file, filter rate: 1 / 2  (seg1 slice1 10.13.9.100:7003 pid=29736)
 count 
-------
    10
(1 row)

select count(*) from t_float8 where v < 16::float8;
LOG:  kind file, filter rate: 0 / 2  (seg1 slice1 10.13.9.100:7003 pid=29736)
 count 
-------
    15
(1 row)

select count(*) from t_float8 where v < 21::float8;
LOG:  kind file, filter rate: 0 / 2  (seg1 slice1 10.13.9.100:7003 pid=29736)
 count 
-------
    20
(1 row)

select count(*) from t_float8 where v = -1::float8;
LOG:  kind file, filter rate: 2 / 2  (seg1 slice1 10.13.9.100:7003 pid=29736)
 count 
-------
     0
(1 row)

select count(*) from t_float8 where v = 5::float8;
LOG:  kind file, filter rate: 1 / 2  (seg1 slice1 10.13.9.100:7003 pid=29736)
 count 
-------
     1
(1 row)

select count(*) from t_float8 where v = 10::float8;
LOG:  kind file, filter rate: 1 / 2  (seg1 slice1 10.13.9.100:7003 pid=29736)
 count 
-------
     1
(1 row)

select count(*) from t_float8 where v = 11::float8;
LOG:  kind file, filter rate: 1 / 2  (seg1 slice1 10.13.9.100:7003 pid=29736)
 count 
-------
     1
(1 row)

select count(*) from t_float8 where v = 20::float8;
LOG:  kind file, filter rate: 1 / 2  (seg1 slice1 10.13.9.100:7003 pid=29736)
 count 
-------
     1
(1 row)

select count(*) from t_float8 where v = 21::float8;
LOG:  kind file, filter rate: 2 / 2  (seg1 slice1 10.13.9.100:7003 pid=29736)
 count 
-------
     0
(1 row)

select count(*) from t_float8 where v >= 0::float8;
LOG:  kind file, filter rate: 0 / 2  (seg1 slice1 10.13.9.100:7003 pid=29736)
 count 
-------
    20
(1 row)

select count(*) from t_float8 where v >= 6::float8;
LOG:  kind file, filter rate: 0 / 2  (seg1 slice1 10.13.9.100:7003 pid=29736)
 count 
-------
    15
(1 row)

select count(*) from t_float8 where v >= 11::float8;
LOG:  kind file, filter rate: 1 / 2  (seg1 slice1 10.13.9.100:7003 pid=29736)
 count 
-------
    10
(1 row)

select count(*) from t_float8 where v >= 16::float8;
LOG:  kind file, filter rate: 1 / 2  (seg1 slice1 10.13.9.100:7003 pid=29736)
 count 
-------
     5
(1 row)

select count(*) from t_float8 where v >= 21::float8;
LOG:  kind file, filter rate: 2 / 2  (seg1 slice1 10.13.9.100:7003 pid=29736)
 count 
-------
     0
(1 row)

select count(*) from t_float8 where v <= -1::float8;
LOG:  kind file, filter rate: 2 / 2  (seg1 slice1 10.13.9.100:7003 pid=29736)
 count 
-------
     0
(1 row)

select count(*) from t_float8 where v <= 5::float8;
LOG:  kind file, filter rate: 1 / 2  (seg1 slice1 10.13.9.100:7003 pid=29736)
 count 
-------
     5
(1 row)

select count(*) from t_float8 where v <= 10::float8;
LOG:  kind file, filter rate: 1 / 2  (seg1 slice1 10.13.9.100:7003 pid=29736)
 count 
-------
    10
(1 row)

select count(*) from t_float8 where v <= 15::float8;
LOG:  kind file, filter rate: 0 / 2  (seg1 slice1 10.13.9.100:7003 pid=29736)
 count 
-------
    15
(1 row)

select count(*) from t_float8 where v <= 20::float8;
LOG:  kind file, filter rate: 0 / 2  (seg1 slice1 10.13.9.100:7003 pid=29736)
 count 
-------
    20
(1 row)

-- oper(float8, float4)
select count(*) from t_float8 where v > 0::float4;
LOG:  kind file, filter rate: 0 / 2  (seg1 slice1 10.13.9.100:7003 pid=29736)
 count 
-------
    20
(1 row)

select count(*) from t_float8 where v > 5::float4;
LOG:  kind file, filter rate: 0 / 2  (seg1 slice1 10.13.9.100:7003 pid=29736)
 count 
-------
    15
(1 row)

select count(*) from t_float8 where v > 10::float4;
LOG:  kind file, filter rate: 1 / 2  (seg1 slice1 10.13.9.100:7003 pid=29736)
 count 
-------
    10
(1 row)

select count(*) from t_float8 where v > 15::float4;
LOG:  kind file, filter rate: 1 / 2  (seg1 slice1 10.13.9.100:7003 pid=29736)
 count 
-------
     5
(1 row)

select count(*) from t_float8 where v > 20::float4;
LOG:  kind file, filter rate: 2 / 2  (seg1 slice1 10.13.9.100:7003 pid=29736)
 count 
-------
     0
(1 row)

select count(*) from t_float8 where v < 0::float4;
LOG:  kind file, filter rate: 2 / 2  (seg1 slice1 10.13.9.100:7003 pid=29736)
 count 
-------
     0
(1 row)

select count(*) from t_float8 where v < 6::float4;
LOG:  kind file, filter rate: 1 / 2  (seg1 slice1 10.13.9.100:7003 pid=29736)
 count 
-------
     5
(1 row)

select count(*) from t_float8 where v < 11::float4;
LOG:  kind file, filter rate: 1 / 2  (seg1 slice1 10.13.9.100:7003 pid=29736)
 count 
-------
    10
(1 row)

select count(*) from t_float8 where v < 16::float4;
LOG:  kind file, filter rate: 0 / 2  (seg1 slice1 10.13.9.100:7003 pid=29736)
 count 
-------
    15
(1 row)

select count(*) from t_float8 where v < 21::float4;
LOG:  kind file, filter rate: 0 / 2  (seg1 slice1 10.13.9.100:7003 pid=29736)
 count 
-------
    20
(1 row)

select count(*) from t_float8 where v = -1::float4;
LOG:  kind file, filter rate: 2 / 2  (seg1 slice1 10.13.9.100:7003 pid=29736)
 count 
-------
     0
(1 row)

select count(*) from t_float8 where v = 5::float4;
LOG:  kind file, filter rate: 1 / 2  (seg1 slice1 10.13.9.100:7003 pid=29736)
 count 
-------
     1
(1 row)

select count(*) from t_float8 where v = 10::float4;
LOG:  kind file, filter rate: 1 / 2  (seg1 slice1 10.13.9.100:7003 pid=29736)
 count 
-------
     1
(1 row)

select count(*) from t_float8 where v = 11::float4;
LOG:  kind file, filter rate: 1 / 2  (seg1 slice1 10.13.9.100:7003 pid=29736)
 count 
-------
     1
(1 row)

select count(*) from t_float8 where v = 20::float4;
LOG:  kind file, filter rate: 1 / 2  (seg1 slice1 10.13.9.100:7003 pid=29736)
 count 
-------
     1
(1 row)

select count(*) from t_float8 where v = 21::float4;
LOG:  kind file, filter rate: 2 / 2  (seg1 slice1 10.13.9.100:7003 pid=29736)
 count 
-------
     0
(1 row)

select count(*) from t_float8 where v >= 0::float4;
LOG:  kind file, filter rate: 0 / 2  (seg1 slice1 10.13.9.100:7003 pid=29736)
 count 
-------
    20
(1 row)

select count(*) from t_float8 where v >= 6::float4;
LOG:  kind file, filter rate: 0 / 2  (seg1 slice1 10.13.9.100:7003 pid=29736)
 count 
-------
    15
(1 row)

select count(*) from t_float8 where v >= 11::float4;
LOG:  kind file, filter rate: 1 / 2  (seg1 slice1 10.13.9.100:7003 pid=29736)
 count 
-------
    10
(1 row)

select count(*) from t_float8 where v >= 16::float4;
LOG:  kind file, filter rate: 1 / 2  (seg1 slice1 10.13.9.100:7003 pid=29736)
 count 
-------
     5
(1 row)

select count(*) from t_float8 where v >= 21::float4;
LOG:  kind file, filter rate: 2 / 2  (seg1 slice1 10.13.9.100:7003 pid=29736)
 count 
-------
     0
(1 row)

select count(*) from t_float8 where v <= -1::float4;
LOG:  kind file, filter rate: 2 / 2  (seg1 slice1 10.13.9.100:7003 pid=29736)
 count 
-------
     0
(1 row)

select count(*) from t_float8 where v <= 5::float4;
LOG:  kind file, filter rate: 1 / 2  (seg1 slice1 10.13.9.100:7003 pid=29736)
 count 
-------
     5
(1 row)

select count(*) from t_float8 where v <= 10::float4;
LOG:  kind file, filter rate: 1 / 2  (seg1 slice1 10.13.9.100:7003 pid=29736)
 count 
-------
    10
(1 row)

select count(*) from t_float8 where v <= 15::float4;
LOG:  kind file, filter rate: 0 / 2  (seg1 slice1 10.13.9.100:7003 pid=29736)
 count 
-------
    15
(1 row)

select count(*) from t_float8 where v <= 20::float4;
LOG:  kind file, filter rate: 0 / 2  (seg1 slice1 10.13.9.100:7003 pid=29736)
 count 
-------
    20
(1 row)

reset client_min_messages;
LOG:  statement: reset client_min_messages;
drop table t_float8;
reset pax_enable_debug;
reset pax_enable_filter;
reset pax_max_tuples_per_group;
reset vector.enable_vectorization;
