SET search_path TO public;
set optimizer to off;
-- query type 1
EXPLAIN (COSTS false) SELECT * FROM t1, t2 WHERE t1.id = t2.id;
                QUERY PLAN                
------------------------------------------
 Gather Motion 3:1  (slice1; segments: 3)
   ->  Hash Join
         Hash Cond: (t1.id = t2.id)
         ->  Seq Scan on t1
         ->  Hash
               ->  Seq Scan on t2
 Optimizer: Postgres query optimizer
(7 rows)

-- query type 2
EXPLAIN (COSTS false) SELECT * FROM t1, t4 WHERE t1.val < 10;
                       QUERY PLAN                        
---------------------------------------------------------
 Gather Motion 3:1  (slice1; segments: 3)
   ->  Nested Loop
         ->  Broadcast Motion 3:3  (slice2; segments: 3)
               ->  Seq Scan on t4
         ->  Materialize
               ->  Bitmap Heap Scan on t1
                     Recheck Cond: (val < 10)
                     ->  Bitmap Index Scan on t1_val
                           Index Cond: (val < 10)
 Optimizer: Postgres query optimizer
(10 rows)

-- query type 3
EXPLAIN (COSTS false) SELECT * FROM t3, t4 WHERE t3.id = t4.id AND t4.ctid = '(1,1)';
NOTICE:  SELECT uses system-defined column "t4.ctid" without the necessary companion column "t4.gp_segment_id"
HINT:  To uniquely identify a row within a distributed table, use the "gp_segment_id" column together with the "ctid" column.
                    QUERY PLAN                     
---------------------------------------------------
 Gather Motion 3:1  (slice1; segments: 3)
   ->  Hash Join
         Hash Cond: (t3.id = t4.id)
         ->  Seq Scan on t3
         ->  Hash
               ->  Seq Scan on t4
                     Filter: (ctid = '(1,1)'::tid)
 Optimizer: Postgres query optimizer
(8 rows)

-- query type 4
EXPLAIN (COSTS false) SELECT * FROM t1, t2 WHERE t1.id = t2.id AND t1.ctid = '(1,1)';
NOTICE:  SELECT uses system-defined column "t1.ctid" without the necessary companion column "t1.gp_segment_id"
HINT:  To uniquely identify a row within a distributed table, use the "gp_segment_id" column together with the "ctid" column.
                     QUERY PLAN                      
-----------------------------------------------------
 Gather Motion 3:1  (slice1; segments: 3)
   ->  Hash Join
         Hash Cond: (t2.id = t1.id)
         ->  Seq Scan on t2
         ->  Hash
               ->  Tid Scan on t1
                     TID Cond: (ctid = '(1,1)'::tid)
 Optimizer: Postgres query optimizer
(8 rows)

-- query type 5
EXPLAIN (COSTS false) SELECT * FROM t1, t3 WHERE t1.val = t3.val;
                          QUERY PLAN                           
---------------------------------------------------------------
 Gather Motion 3:1  (slice1; segments: 3)
   ->  Hash Join
         Hash Cond: (t1.val = t3.val)
         ->  Seq Scan on t1
         ->  Hash
               ->  Broadcast Motion 3:3  (slice2; segments: 3)
                     ->  Seq Scan on t3
 Optimizer: Postgres query optimizer
(8 rows)

-- query type 6
EXPLAIN (COSTS false) SELECT * FROM t1, t2, t3, t4 WHERE t1.id = t2.id AND t1.id = t3.id AND t1.id = t4.id;
                         QUERY PLAN                         
------------------------------------------------------------
 Gather Motion 3:1  (slice1; segments: 3)
   ->  Hash Join
         Hash Cond: (t1.id = t2.id)
         ->  Seq Scan on t1
         ->  Hash
               ->  Hash Join
                     Hash Cond: (t2.id = t3.id)
                     ->  Seq Scan on t2
                     ->  Hash
                           ->  Hash Join
                                 Hash Cond: (t3.id = t4.id)
                                 ->  Seq Scan on t3
                                 ->  Hash
                                       ->  Seq Scan on t4
 Optimizer: Postgres query optimizer
(15 rows)

reset optimizer;
